#! /c/Source/iverilog-install/bin/vvp
:ivl_version "12.0 (devel)" "(s20150603-1539-g2693dd32b)";
:ivl_delay_selection "TYPICAL";
:vpi_time_precision + 0;
:vpi_module "C:\iverilog\lib\ivl\system.vpi";
:vpi_module "C:\iverilog\lib\ivl\vhdl_sys.vpi";
:vpi_module "C:\iverilog\lib\ivl\vhdl_textio.vpi";
:vpi_module "C:\iverilog\lib\ivl\v2005_math.vpi";
:vpi_module "C:\iverilog\lib\ivl\va_math.vpi";
S_00000258325c68d0 .scope module, "and_gate" "and_gate" 2 6;
 .timescale 0 0;
    .port_info 0 /INPUT 1 "in";
    .port_info 1 /OUTPUT 1 "out";
o00000258326163f8 .functor BUFZ 1, C4<z>; HiZ drive
L_00000258325c6f30 .functor NOT 1, o00000258326163f8, C4<0>, C4<0>, C4<0>;
v00000258325c7150_0 .net "in", 0 0, o00000258326163f8;  0 drivers
v00000258325c6a60_0 .net "out", 0 0, L_00000258325c6f30;  1 drivers
# The file index is used to find the file name in the following table.
:file_names 3;
    "N/A";
    "<interactive>";
    "not_gate";
