#! /c/Source/iverilog-install/bin/vvp
:ivl_version "12.0 (devel)" "(s20150603-1539-g2693dd32b)";
:ivl_delay_selection "TYPICAL";
:vpi_time_precision + 0;
:vpi_module "C:\iverilog\lib\ivl\system.vpi";
:vpi_module "C:\iverilog\lib\ivl\vhdl_sys.vpi";
:vpi_module "C:\iverilog\lib\ivl\vhdl_textio.vpi";
:vpi_module "C:\iverilog\lib\ivl\v2005_math.vpi";
:vpi_module "C:\iverilog\lib\ivl\va_math.vpi";
S_0000020cb60068d0 .scope module, "or_gate" "or_gate" 2 1;
 .timescale 0 0;
    .port_info 0 /INPUT 1 "a";
    .port_info 1 /INPUT 1 "b";
    .port_info 2 /OUTPUT 1 "out";
o0000020cb60566e8 .functor BUFZ 1, C4<z>; HiZ drive
o0000020cb6056718 .functor BUFZ 1, C4<z>; HiZ drive
L_0000020cb6006f10 .functor OR 1, o0000020cb60566e8, o0000020cb6056718, C4<0>, C4<0>;
v0000020cb6007130_0 .net "a", 0 0, o0000020cb60566e8;  0 drivers
v0000020cb6054360_0 .net "b", 0 0, o0000020cb6056718;  0 drivers
v0000020cb6006a60_0 .net "out", 0 0, L_0000020cb6006f10;  1 drivers
# The file index is used to find the file name in the following table.
:file_names 3;
    "N/A";
    "<interactive>";
    "or_gate.v";
